# JRE version: OpenJDK Runtime Environment (8.0) (build 1.8.0-25-microsoft-b00)
# Java VM: OpenJDK 64-Bit Server VM (25.71-b00 mixed mode windows-amd64 compressed oops)
Heap:
 PSYoungGen      total 319488K, used 86458K [0x00000000eab00000, 0x0000000100000000, 0x0000000100000000)
  eden space 290816K, 29% used [0x00000000eab00000,0x00000000eff6e9e8,0x00000000fc700000)
  from space 28672K, 0% used [0x00000000fe380000,0x00000000fe380000,0x00000000fff80000)
  to   space 29184K, 0% used [0x00000000fc700000,0x00000000fc700000,0x00000000fe380000)
 ParOldGen       total 131584K, used 63744K [0x00000000c0000000, 0x00000000c8080000, 0x00000000eab00000)
  object space 131584K, 48% used [0x00000000c0000000,0x00000000c3e403b8,0x00000000c8080000)
 Metaspace       used 16852K, capacity 17762K, committed 17920K, reserved 1064960K
  class space    used 2034K, capacity 2267K, committed 2304K, reserved 1048576K
GC Heap History (10 events):
Event: 11.436 GC heap before
{Heap before GC invocations=7 (full 0):
 PSYoungGen      total 153088K, used 145120K [0x00000000eab00000, 0x00000000f5900000, 0x0000000100000000)
  eden space 131072K, 100% used [0x00000000eab00000,0x00000000f2b00000,0x00000000f2b00000)
  from space 22016K, 63% used [0x00000000f4380000,0x00000000f5138020,0x00000000f5900000)
  to   space 23552K, 0% used [0x00000000f2b00000,0x00000000f2b00000,0x00000000f4200000)
 ParOldGen       total 86016K, used 49687K [0x00000000c0000000, 0x00000000c5400000, 0x00000000eab00000)
  object space 86016K, 57% used [0x00000000c0000000,0x00000000c3085f38,0x00000000c5400000)
 Metaspace       used 16283K, capacity 17196K, committed 17408K, reserved 1064960K
  class space    used 1999K, capacity 2230K, committed 2304K, reserved 1048576K
Event: 11.602 GC heap after
Heap after GC invocations=7 (full 0):
 PSYoungGen      total 154624K, used 23529K [0x00000000eab00000, 0x00000000fe200000, 0x0000000100000000)
  eden space 131072K, 0% used [0x00000000eab00000,0x00000000eab00000,0x00000000f2b00000)
  from space 23552K, 99% used [0x00000000f2b00000,0x00000000f41fa630,0x00000000f4200000)
  to   space 28160K, 0% used [0x00000000fc680000,0x00000000fc680000,0x00000000fe200000)
 ParOldGen       total 86016K, used 53005K [0x00000000c0000000, 0x00000000c5400000, 0x00000000eab00000)
  object space 86016K, 61% used [0x00000000c0000000,0x00000000c33c3560,0x00000000c5400000)
 Metaspace       used 16283K, capacity 17196K, committed 17408K, reserved 1064960K
  class space    used 1999K, capacity 2230K, committed 2304K, reserved 1048576K
}
Event: 13.943 GC heap before
{Heap before GC invocations=8 (full 0):
 PSYoungGen      total 154624K, used 154601K [0x00000000eab00000, 0x00000000fe200000, 0x0000000100000000)
  eden space 131072K, 100% used [0x00000000eab00000,0x00000000f2b00000,0x00000000f2b00000)
  from space 23552K, 99% used [0x00000000f2b00000,0x00000000f41fa630,0x00000000f4200000)
  to   space 28160K, 0% used [0x00000000fc680000,0x00000000fc680000,0x00000000fe200000)
 ParOldGen       total 86016K, used 53005K [0x00000000c0000000, 0x00000000c5400000, 0x00000000eab00000)
  object space 86016K, 61% used [0x00000000c0000000,0x00000000c33c3560,0x00000000c5400000)
 Metaspace       used 16577K, capacity 17530K, committed 17664K, reserved 1064960K
  class space    used 2022K, capacity 2267K, committed 2304K, reserved 1048576K
Event: 14.149 GC heap after
Heap after GC invocations=8 (full 0):
 PSYoungGen      total 288768K, used 23331K [0x00000000eab00000, 0x00000000fe500000, 0x0000000100000000)
  eden space 260608K, 0% used [0x00000000eab00000,0x00000000eab00000,0x00000000fa980000)
  from space 28160K, 82% used [0x00000000fc680000,0x00000000fdd48c58,0x00000000fe200000)
  to   space 29696K, 0% used [0x00000000fa980000,0x00000000fa980000,0x00000000fc680000)
 ParOldGen       total 86016K, used 53853K [0x00000000c0000000, 0x00000000c5400000, 0x00000000eab00000)
  object space 86016K, 62% used [0x00000000c0000000,0x00000000c3497450,0x00000000c5400000)
 Metaspace       used 16577K, capacity 17530K, committed 17664K, reserved 1064960K
  class space    used 2022K, capacity 2267K, committed 2304K, reserved 1048576K
}
Event: 17.900 GC heap before
{Heap before GC invocations=9 (full 0):
 PSYoungGen      total 288768K, used 283939K [0x00000000eab00000, 0x00000000fe500000, 0x0000000100000000)
  eden space 260608K, 100% used [0x00000000eab00000,0x00000000fa980000,0x00000000fa980000)
  from space 28160K, 82% used [0x00000000fc680000,0x00000000fdd48c58,0x00000000fe200000)
  to   space 29696K, 0% used [0x00000000fa980000,0x00000000fa980000,0x00000000fc680000)
 ParOldGen       total 86016K, used 53853K [0x00000000c0000000, 0x00000000c5400000, 0x00000000eab00000)
  object space 86016K, 62% used [0x00000000c0000000,0x00000000c3497450,0x00000000c5400000)
 Metaspace       used 16762K, capacity 17706K, committed 17920K, reserved 1064960K
  class space    used 2033K, capacity 2273K, committed 2304K, reserved 1048576K
Event: 18.017 GC heap after
Heap after GC invocations=9 (full 0):
 PSYoungGen      total 290304K, used 16621K [0x00000000eab00000, 0x00000000fff80000, 0x0000000100000000)
  eden space 260608K, 0% used [0x00000000eab00000,0x00000000eab00000,0x00000000fa980000)
  from space 29696K, 55% used [0x00000000fa980000,0x00000000fb9bb758,0x00000000fc680000)
  to   space 28672K, 0% used [0x00000000fe380000,0x00000000fe380000,0x00000000fff80000)
 ParOldGen       total 86016K, used 64542K [0x00000000c0000000, 0x00000000c5400000, 0x00000000eab00000)
  object space 86016K, 75% used [0x00000000c0000000,0x00000000c3f07a40,0x00000000c5400000)
 Metaspace       used 16762K, capacity 17706K, committed 17920K, reserved 1064960K
  class space    used 2033K, capacity 2273K, committed 2304K, reserved 1048576K
}
Event: 22.344 GC heap before
{Heap before GC invocations=10 (full 0):
 PSYoungGen      total 290304K, used 277229K [0x00000000eab00000, 0x00000000fff80000, 0x0000000100000000)
  eden space 260608K, 100% used [0x00000000eab00000,0x00000000fa980000,0x00000000fa980000)
  from space 29696K, 55% used [0x00000000fa980000,0x00000000fb9bb758,0x00000000fc680000)
  to   space 28672K, 0% used [0x00000000fe380000,0x00000000fe380000,0x00000000fff80000)
 ParOldGen       total 86016K, used 64542K [0x00000000c0000000, 0x00000000c5400000, 0x00000000eab00000)
  object space 86016K, 75% used [0x00000000c0000000,0x00000000c3f07a40,0x00000000c5400000)
 Metaspace       used 16859K, capacity 17786K, committed 17920K, reserved 1064960K
  class space    used 2037K, capacity 2273K, committed 2304K, reserved 1048576K
Event: 22.454 GC heap after
Heap after GC invocations=10 (full 0):
 PSYoungGen      total 319488K, used 6880K [0x00000000eab00000, 0x0000000100000000, 0x0000000100000000)
  eden space 290816K, 0% used [0x00000000eab00000,0x00000000eab00000,0x00000000fc700000)
  from space 28672K, 23% used [0x00000000fe380000,0x00000000fea38000,0x00000000fff80000)
  to   space 29184K, 0% used [0x00000000fc700000,0x00000000fc700000,0x00000000fe380000)
 ParOldGen       total 86016K, used 76445K [0x00000000c0000000, 0x00000000c5400000, 0x00000000eab00000)
  object space 86016K, 88% used [0x00000000c0000000,0x00000000c4aa7600,0x00000000c5400000)
 Metaspace       used 16859K, capacity 17786K, committed 17920K, reserved 1064960K
  class space    used 2037K, capacity 2273K, committed 2304K, reserved 1048576K
}
Event: 22.454 GC heap before
{Heap before GC invocations=11 (full 1):
 PSYoungGen      total 319488K, used 6880K [0x00000000eab00000, 0x0000000100000000, 0x0000000100000000)
  eden space 290816K, 0% used [0x00000000eab00000,0x00000000eab00000,0x00000000fc700000)
  from space 28672K, 23% used [0x00000000fe380000,0x00000000fea38000,0x00000000fff80000)
  to   space 29184K, 0% used [0x00000000fc700000,0x00000000fc700000,0x00000000fe380000)
 ParOldGen       total 86016K, used 76445K [0x00000000c0000000, 0x00000000c5400000, 0x00000000eab00000)
  object space 86016K, 88% used [0x00000000c0000000,0x00000000c4aa7600,0x00000000c5400000)
 Metaspace       used 16859K, capacity 17786K, committed 17920K, reserved 1064960K
  class space    used 2037K, capacity 2273K, committed 2304K, reserved 1048576K
Event: 23.533 GC heap after
Heap after GC invocations=11 (full 1):
 PSYoungGen      total 319488K, used 0K [0x00000000eab00000, 0x0000000100000000, 0x0000000100000000)
  eden space 290816K, 0% used [0x00000000eab00000,0x00000000eab00000,0x00000000fc700000)
  from space 28672K, 0% used [0x00000000fe380000,0x00000000fe380000,0x00000000fff80000)
  to   space 29184K, 0% used [0x00000000fc700000,0x00000000fc700000,0x00000000fe380000)
 ParOldGen       total 131584K, used 63744K [0x00000000c0000000, 0x00000000c8080000, 0x00000000eab00000)
  object space 131584K, 48% used [0x00000000c0000000,0x00000000c3e403b8,0x00000000c8080000)
 Metaspace       used 16850K, capacity 17762K, committed 17920K, reserved 1064960K
  class space    used 2034K, capacity 2267K, committed 2304K, reserved 1048576K
}

